<?xml version="1.0" encoding="UTF-8"?>
<testng-results ignored="0" total="1" passed="1" failed="0" skipped="0">
  <reporter-output>
  </reporter-output>
  <suite started-at="2023-08-01T16:55:23 IST" name="com.narcissus21a.HomePagetTest" finished-at="2023-08-01T16:56:15 IST" duration-ms="51187">
    <groups>
    </groups>
    <test started-at="2023-08-01T16:55:23 IST" name="Command line test" finished-at="2023-08-01T16:56:15 IST" duration-ms="51187">
      <class name="com.narcissus21a.HomePagetTest">
        <test-method is-config="true" signature="setUp()[pri:0, instance:com.narcissus21a.HomePagetTest@5b94b04d]" started-at="2023-08-01T16:55:24 IST" name="setUp" finished-at="2023-08-01T16:56:08 IST" duration-ms="44441" status="PASS">
          <reporter-output>
          </reporter-output>
        </test-method> <!-- setUp -->
        <test-method signature="verifyOnCliclkOnJoinMeetingUserRedirectToMeetingPage()[pri:0, instance:com.narcissus21a.HomePagetTest@5b94b04d]" started-at="2023-08-01T16:56:08 IST" name="verifyOnCliclkOnJoinMeetingUserRedirectToMeetingPage" finished-at="2023-08-01T16:56:14 IST" duration-ms="5436" status="PASS">
          <reporter-output>
          </reporter-output>
        </test-method> <!-- verifyOnCliclkOnJoinMeetingUserRedirectToMeetingPage -->
        <test-method is-config="true" signature="tearDown()[pri:0, instance:com.narcissus21a.HomePagetTest@5b94b04d]" started-at="2023-08-01T16:56:14 IST" name="tearDown" finished-at="2023-08-01T16:56:15 IST" duration-ms="868" status="PASS">
          <reporter-output>
          </reporter-output>
        </test-method> <!-- tearDown -->
      </class> <!-- com.narcissus21a.HomePagetTest -->
    </test> <!-- Command line test -->
  </suite> <!-- com.narcissus21a.HomePagetTest -->
</testng-results>
