<?xml version="1.0" encoding="UTF-8"?>
<testng-results ignored="0" total="1" passed="1" failed="0" skipped="0">
  <reporter-output>
  </reporter-output>
  <suite started-at="2023-07-21T13:15:52 IST" name="Default suite" finished-at="2023-07-21T13:16:52 IST" duration-ms="60345">
    <groups>
    </groups>
    <test started-at="2023-07-21T13:15:52 IST" name="Default test" finished-at="2023-07-21T13:16:52 IST" duration-ms="60345">
      <class name="com.narcissus21a.HomePagetTest">
        <test-method is-config="true" signature="setUp()[pri:0, instance:com.narcissus21a.HomePagetTest@2034b64c]" started-at="2023-07-21T13:15:52 IST" name="setUp" finished-at="2023-07-21T13:16:45 IST" duration-ms="52801" status="PASS">
          <reporter-output>
          </reporter-output>
        </test-method> <!-- setUp -->
        <test-method signature="verifyOnCliclkOnJoinMeetingUserRedirectToMeetingPage()[pri:0, instance:com.narcissus21a.HomePagetTest@2034b64c]" started-at="2023-07-21T13:16:45 IST" name="verifyOnCliclkOnJoinMeetingUserRedirectToMeetingPage" finished-at="2023-07-21T13:16:51 IST" duration-ms="6158" status="PASS">
          <reporter-output>
          </reporter-output>
        </test-method> <!-- verifyOnCliclkOnJoinMeetingUserRedirectToMeetingPage -->
        <test-method is-config="true" signature="tearDown()[pri:0, instance:com.narcissus21a.HomePagetTest@2034b64c]" started-at="2023-07-21T13:16:51 IST" name="tearDown" finished-at="2023-07-21T13:16:52 IST" duration-ms="1133" status="PASS">
          <reporter-output>
          </reporter-output>
        </test-method> <!-- tearDown -->
      </class> <!-- com.narcissus21a.HomePagetTest -->
    </test> <!-- Default test -->
  </suite> <!-- Default suite -->
</testng-results>
